1
0
1
ASSEMBLY
2
BASE-C
BASE-C
MERGED-BODY-1
MERGED-BODY
2
BASE-C
63
1 1
2 2
3 3
4 4
5 5
6 6
7 7
8 8
9 9
10 10
11 11
12 12
13 13
14 14
15 15
16 16
17 17
18 18
19 19
20 20
21 21
22 22
23 23
24 24
25 25
26 26
27 27
28 28
29 29
30 30
31 31
32 32
33 33
34 34
35 35
36 36
37 37
38 38
39 39
40 40
41 41
42 42
43 43
44 44
45 45
46 46
47 47
48 48
49 49
50 50
51 51
52 52
53 53
54 54
55 55
56 56
57 57
58 58
59 59
60 60
61 61
62 62
63 63
1 1
2 2
3 3
4 4
5 5
6 6
7 7
8 8
9 9
10 10
11 11
12 12
13 13
14 14
15 15
16 16
17 17
18 18
19 19
20 20
21 21
22 22
23 23
24 24
25 25
26 26
27 27
28 28
29 29
30 30
31 31
32 32
33 33
34 34
35 35
36 36
37 37
38 38
39 39
40 40
41 41
42 42
43 43
44 44
45 45
46 46
47 47
48 48
49 49
50 50
51 51
52 52
53 53
54 54
55 55
56 56
57 57
58 58
59 59
60 60
61 61
62 62
63 63
MERGED-BODY-1
454
64 1
65 2
66 3
67 4
68 5
69 6
70 7
71 8
72 9
73 10
74 11
75 12
76 13
77 14
78 15
79 16
80 17
81 18
82 19
83 20
84 21
85 22
86 23
87 24
88 25
89 26
90 27
91 28
92 29
93 30
94 31
95 32
96 33
97 34
98 35
99 36
100 37
101 38
102 39
103 40
104 41
105 42
106 43
107 44
108 45
109 46
110 47
111 48
112 49
113 50
114 51
115 52
116 53
117 54
118 55
119 56
120 57
121 58
122 59
123 60
124 61
125 62
126 63
127 64
128 65
129 66
130 67
131 68
132 69
133 70
134 71
135 72
136 73
137 74
138 75
139 76
140 77
141 78
142 79
143 80
144 81
145 82
146 83
147 84
148 85
149 86
150 87
151 88
152 89
153 90
154 91
155 92
156 93
157 94
158 95
159 96
160 97
161 98
162 99
163 100
164 101
165 102
166 103
167 104
168 105
169 106
170 107
171 108
172 109
173 110
174 111
175 112
176 113
177 114
178 115
179 116
180 117
181 118
182 119
183 120
184 121
185 122
186 123
187 124
188 125
189 126
190 127
191 128
192 129
193 130
194 131
195 132
196 133
197 134
198 135
199 136
200 137
201 138
202 139
203 140
204 141
205 142
206 143
207 144
208 145
209 146
210 147
211 148
212 149
213 150
214 151
215 152
216 153
217 154
218 155
219 156
220 157
221 158
222 159
223 160
224 161
225 162
226 163
227 164
228 165
229 166
230 167
231 168
232 169
233 170
234 171
235 172
236 173
237 174
238 175
239 176
240 177
241 178
242 179
243 180
244 181
245 182
246 183
247 184
248 185
249 186
250 187
251 188
252 189
253 190
254 191
255 192
256 193
257 194
258 195
259 196
260 197
261 198
262 199
263 200
264 201
265 202
266 203
267 204
268 205
269 206
270 207
271 208
272 209
273 210
274 211
275 212
276 213
277 214
278 215
279 216
280 217
281 218
282 219
283 220
284 221
285 222
286 223
287 224
288 225
289 226
290 227
291 228
292 229
293 230
294 231
295 232
296 233
297 234
298 235
299 236
300 237
301 238
302 239
303 240
304 241
305 242
306 243
307 244
308 245
309 246
310 247
311 248
312 249
313 250
314 251
315 252
316 253
317 254
318 255
319 256
320 257
321 258
322 259
323 260
324 261
325 262
326 263
327 264
328 265
329 266
330 267
331 268
332 269
333 270
334 271
335 272
336 273
337 274
338 275
339 276
340 277
341 278
342 279
343 280
344 281
345 282
346 283
347 284
348 285
349 286
350 287
351 288
352 289
353 290
354 291
355 292
356 293
357 294
358 295
359 296
360 297
361 298
362 299
363 300
364 301
365 302
366 303
367 304
368 305
369 306
370 307
371 308
372 309
373 310
374 311
375 312
376 313
377 314
378 315
379 316
380 317
381 318
382 319
383 320
384 321
385 322
386 323
387 324
388 325
389 326
390 327
391 328
392 329
393 330
394 331
395 332
396 333
397 334
398 335
399 336
400 337
401 338
402 339
403 340
404 341
405 342
406 343
407 344
408 345
409 346
410 347
411 348
412 349
413 350
414 351
415 352
416 353
417 354
418 355
419 356
420 357
421 358
422 359
423 360
424 361
425 362
426 363
427 364
428 365
429 366
430 367
431 368
432 369
433 370
434 371
435 372
436 373
437 374
438 375
439 376
440 377
441 378
442 379
443 380
444 381
445 382
446 383
447 384
448 385
449 386
450 387
451 388
452 389
453 390
454 391
455 392
456 393
457 394
458 395
459 396
460 397
461 398
462 399
463 400
464 401
465 402
466 403
467 404
468 405
469 406
470 407
471 408
472 409
473 410
474 411
475 412
476 413
477 414
478 415
479 416
480 417
481 418
482 419
483 420
484 421
485 422
486 423
487 424
488 425
489 426
490 427
491 428
492 429
493 430
494 431
495 432
496 433
497 434
498 435
499 436
500 437
501 438
502 439
503 440
504 441
505 442
506 443
507 444
508 445
509 446
510 447
511 448
512 449
513 450
514 451
515 452
516 453
517 454
1 64
2 65
3 66
4 67
5 68
6 69
7 70
8 71
9 72
10 73
11 74
12 75
13 76
14 77
15 78
16 79
17 80
18 81
19 82
20 83
21 84
22 85
23 86
24 87
25 88
26 89
27 90
28 91
29 92
30 93
31 94
32 95
33 96
34 97
35 98
36 99
37 100
38 101
39 102
40 103
41 104
42 105
43 106
44 107
45 108
46 109
47 110
48 111
49 112
50 113
51 114
52 115
53 116
54 117
55 118
56 119
57 120
58 121
59 122
60 123
61 124
62 125
63 126
64 127
65 128
66 129
67 130
68 131
69 132
70 133
71 134
72 135
73 136
74 137
75 138
76 139
77 140
78 141
79 142
80 143
81 144
82 145
83 146
84 147
85 148
86 149
87 150
88 151
89 152
90 153
91 154
92 155
93 156
94 157
95 158
96 159
97 160
98 161
99 162
100 163
101 164
102 165
103 166
104 167
105 168
106 169
107 170
108 171
109 172
110 173
111 174
112 175
113 176
114 177
115 178
116 179
117 180
118 181
119 182
120 183
121 184
122 185
123 186
124 187
125 188
126 189
127 190
128 191
129 192
130 193
131 194
132 195
133 196
134 197
135 198
136 199
137 200
138 201
139 202
140 203
141 204
142 205
143 206
144 207
145 208
146 209
147 210
148 211
149 212
150 213
151 214
152 215
153 216
154 217
155 218
156 219
157 220
158 221
159 222
160 223
161 224
162 225
163 226
164 227
165 228
166 229
167 230
168 231
169 232
170 233
171 234
172 235
173 236
174 237
175 238
176 239
177 240
178 241
179 242
180 243
181 244
182 245
183 246
184 247
185 248
186 249
187 250
188 251
189 252
190 253
191 254
192 255
193 256
194 257
195 258
196 259
197 260
198 261
199 262
200 263
201 264
202 265
203 266
204 267
205 268
206 269
207 270
208 271
209 272
210 273
211 274
212 275
213 276
214 277
215 278
216 279
217 280
218 281
219 282
220 283
221 284
222 285
223 286
224 287
225 288
226 289
227 290
228 291
229 292
230 293
231 294
232 295
233 296
234 297
235 298
236 299
237 300
238 301
239 302
240 303
241 304
242 305
243 306
244 307
245 308
246 309
247 310
248 311
249 312
250 313
251 314
252 315
253 316
254 317
255 318
256 319
257 320
258 321
259 322
260 323
261 324
262 325
263 326
264 327
265 328
266 329
267 330
268 331
269 332
270 333
271 334
272 335
273 336
274 337
275 338
276 339
277 340
278 341
279 342
280 343
281 344
282 345
283 346
284 347
285 348
286 349
287 350
288 351
289 352
290 353
291 354
292 355
293 356
294 357
295 358
296 359
297 360
298 361
299 362
300 363
301 364
302 365
303 366
304 367
305 368
306 369
307 370
308 371
309 372
310 373
311 374
312 375
313 376
314 377
315 378
316 379
317 380
318 381
319 382
320 383
321 384
322 385
323 386
324 387
325 388
326 389
327 390
328 391
329 392
330 393
331 394
332 395
333 396
334 397
335 398
336 399
337 400
338 401
339 402
340 403
341 404
342 405
343 406
344 407
345 408
346 409
347 410
348 411
349 412
350 413
351 414
352 415
353 416
354 417
355 418
356 419
357 420
358 421
359 422
360 423
361 424
362 425
363 426
364 427
365 428
366 429
367 430
368 431
369 432
370 433
371 434
372 435
373 436
374 437
375 438
376 439
377 440
378 441
379 442
380 443
381 444
382 445
383 446
384 447
385 448
386 449
387 450
388 451
389 452
390 453
391 454
392 455
393 456
394 457
395 458
396 459
397 460
398 461
399 462
400 463
401 464
402 465
403 466
404 467
405 468
406 469
407 470
408 471
409 472
410 473
411 474
412 475
413 476
414 477
415 478
416 479
417 480
418 481
419 482
420 483
421 484
422 485
423 486
424 487
425 488
426 489
427 490
428 491
429 492
430 493
431 494
432 495
433 496
434 497
435 498
436 499
437 500
438 501
439 502
440 503
441 504
442 505
443 506
444 507
445 508
446 509
447 510
448 511
449 512
450 513
451 514
452 515
453 516
454 517
0
2
BASE-C
20
1 1
2 2
3 3
4 4
5 5
6 6
7 7
8 8
9 9
10 10
11 11
12 12
13 13
14 14
15 15
16 16
17 17
18 18
19 19
20 20
1 1
2 2
3 3
4 4
5 5
6 6
7 7
8 8
9 9
10 10
11 11
12 12
13 13
14 14
15 15
16 16
17 17
18 18
19 19
20 20
MERGED-BODY-1
174
21 1
22 2
23 3
24 4
25 5
26 6
27 7
28 8
29 9
30 10
31 11
32 12
33 13
34 14
35 15
36 16
37 17
38 18
39 19
40 20
41 21
42 22
43 23
44 24
45 25
46 26
47 27
48 28
49 29
50 30
51 31
52 32
53 33
54 34
55 35
56 36
57 37
58 38
59 39
60 40
61 41
62 42
63 43
64 44
65 45
66 46
67 47
68 48
69 49
70 50
71 51
72 52
73 53
74 54
75 55
76 56
77 57
78 58
79 59
80 60
81 61
82 62
83 63
84 64
85 65
86 66
87 67
88 68
89 69
90 70
91 71
92 72
93 73
94 74
95 75
96 76
97 77
98 78
99 79
100 80
101 81
102 82
103 83
104 84
105 85
106 86
107 87
108 88
109 89
110 90
111 91
112 92
113 93
114 94
115 95
116 96
117 97
118 98
119 99
120 100
121 101
122 102
123 103
124 104
125 105
126 106
127 107
128 108
129 109
130 110
131 111
132 112
133 113
134 114
135 115
136 116
137 117
138 118
139 119
140 120
141 121
142 122
143 123
144 124
145 125
146 126
147 127
148 128
149 129
150 130
151 131
152 132
153 133
154 134
155 135
156 136
157 137
158 138
159 139
160 140
161 141
162 142
163 143
164 144
165 145
166 146
167 147
168 148
169 149
170 150
171 151
172 152
173 153
174 154
175 155
176 156
177 157
178 158
179 159
180 160
181 161
182 162
183 163
184 164
185 165
186 166
187 167
188 168
189 169
190 170
191 171
192 172
193 173
194 174
1 21
2 22
3 23
4 24
5 25
6 26
7 27
8 28
9 29
10 30
11 31
12 32
13 33
14 34
15 35
16 36
17 37
18 38
19 39
20 40
21 41
22 42
23 43
24 44
25 45
26 46
27 47
28 48
29 49
30 50
31 51
32 52
33 53
34 54
35 55
36 56
37 57
38 58
39 59
40 60
41 61
42 62
43 63
44 64
45 65
46 66
47 67
48 68
49 69
50 70
51 71
52 72
53 73
54 74
55 75
56 76
57 77
58 78
59 79
60 80
61 81
62 82
63 83
64 84
65 85
66 86
67 87
68 88
69 89
70 90
71 91
72 92
73 93
74 94
75 95
76 96
77 97
78 98
79 99
80 100
81 101
82 102
83 103
84 104
85 105
86 106
87 107
88 108
89 109
90 110
91 111
92 112
93 113
94 114
95 115
96 116
97 117
98 118
99 119
100 120
101 121
102 122
103 123
104 124
105 125
106 126
107 127
108 128
109 129
110 130
111 131
112 132
113 133
114 134
115 135
116 136
117 137
118 138
119 139
120 140
121 141
122 142
123 143
124 144
125 145
126 146
127 147
128 148
129 149
130 150
131 151
132 152
133 153
134 154
135 155
136 156
137 157
138 158
139 159
140 160
141 161
142 162
143 163
144 164
145 165
146 166
147 167
148 168
149 169
150 170
151 171
152 172
153 173
154 174
155 175
156 176
157 177
158 178
159 179
160 180
161 181
162 182
163 183
164 184
165 185
166 186
167 187
168 188
169 189
170 190
171 191
172 192
173 193
174 194
0
5

0
2
0
2
BASE-C
20
1 2 3 4 5 6 7 8 9 10 11 12 13 14 15 16 17 18 19 20 
MERGED-BODY-1
174
21 22 23 24 25 26 27 28 29 30 31 32 33 34 35 36 37 38 39 40 41 42 43 44 45 46 47 48 49 50 51 52 53 54 55 56 57 58 59 60 61 62 63 64 65 66 67 68 69 70 71 72 73 74 75 76 77 78 79 80 81 82 83 84 85 86 87 88 89 90 91 92 93 94 95 96 97 98 99 100 101 102 103 104 105 106 107 108 109 110 111 112 113 114 115 116 117 118 119 120 121 122 123 124 125 126 127 128 129 130 131 132 133 134 135 136 137 138 139 140 141 142 143 144 145 146 147 148 149 150 151 152 153 154 155 156 157 158 159 160 161 162 163 164 165 166 167 168 169 170 171 172 173 174 175 176 177 178 179 180 181 182 183 184 185 186 187 188 189 190 191 192 193 194 
0
CANH_FIX_BASEC
0
1
0
1
BASE-C
1
19 
0
SET-FIXEDFACE
0
1
0
1
MERGED-BODY-1
4
150 152 153 160 
0
_SURF-CONTACT_S1
0
2
0
1
MERGED-BODY-1
16
134 135 136 137 138 139 140 141 142 143 144 145 146 147 148 149 
0
_SURF-CONTACT_S3
0
2
0
1
MERGED-BODY-1
8
106 109 110 113 114 117 118 121 
0
2
BASE-C
3
 P       1
0
2
20
1 2 3 4 5 6 7 8 9 10 11 12 13 14 15 16 17 18 19 20 
0
0
SET-BASE-C
0
1
20
1 2 3 4 5 6 7 8 9 10 11 12 13 14 15 16 17 18 19 20 
0
0
_TOP-SUF-BASEC_S1
0
2
10
2 4 6 8 10 12 14 16 18 20 
0
0
0
MERGED-BODY-1
10
 P       2
0
2
174
21 22 23 24 25 26 27 28 29 30 31 32 33 34 35 36 37 38 39 40 41 42 43 44 45 46 47 48 49 50 51 52 53 54 55 56 57 58 59 60 61 62 63 64 65 66 67 68 69 70 71 72 73 74 75 76 77 78 79 80 81 82 83 84 85 86 87 88 89 90 91 92 93 94 95 96 97 98 99 100 101 102 103 104 105 106 107 108 109 110 111 112 113 114 115 116 117 118 119 120 121 122 123 124 125 126 127 128 129 130 131 132 133 134 135 136 137 138 139 140 141 142 143 144 145 146 147 148 149 150 151 152 153 154 155 156 157 158 159 160 161 162 163 164 165 166 167 168 169 170 171 172 173 174 175 176 177 178 179 180 181 182 183 184 185 186 187 188 189 190 191 192 193 194 
0
0
SET-BASE-A
0
1
34
161 162 163 164 165 166 167 168 169 170 171 172 173 174 175 176 177 178 179 180 181 182 183 184 185 186 187 188 189 190 191 192 193 194 
0
0
SET-BASE-B
0
1
22
43 44 45 46 47 48 49 50 51 52 53 54 55 56 57 58 59 60 61 62 63 64 
0
0
SET-MAIN-BODY
0
1
96
65 66 67 68 69 70 71 72 73 74 75 76 77 78 79 80 81 82 83 84 85 86 87 88 89 90 91 92 93 94 95 96 97 98 99 100 101 102 103 104 105 106 107 108 109 110 111 112 113 114 115 116 117 118 119 120 121 122 123 124 125 126 127 128 129 130 131 132 133 134 135 136 137 138 139 140 141 142 143 144 145 146 147 148 149 150 151 152 153 154 155 156 157 158 159 160 
0
0
SET-PAPER
0
1
22
21 22 23 24 25 26 27 28 29 30 31 32 33 34 35 36 37 38 39 40 41 42 
0
0
_SURF-BOT-MER_S1
0
2
11
43 45 47 49 51 53 55 57 59 61 63 
0
0
_Surf-Inner Cavity_S1
0
2
8
72 107 111 115 119 183 184 185 
0
0
_Surf-Inner Cavity_S2
0
2
36
67 73 74 75 77 79 80 81 83 85 86 87 89 91 92 93 94 96 98 100 102 103 108 112 116 120 122 123 125 155 158 159 166 168 170 190 
0
0
_Surf-Inner Cavity_S3
0
2
2
69 175 
0
0
_TOP-OF-B_S1
0
2
11
21 23 25 27 29 31 33 35 37 39 41 
0
0
0
3

0
2
0
2
BASE-C
63
1 2 3 4 5 6 7 8 9 10 11 12 13 14 15 16 17 18 19 20 21 22 23 24 25 26 27 28 29 30 31 32 33 34 35 36 37 38 39 40 41 42 43 44 45 46 47 48 49 50 51 52 53 54 55 56 57 58 59 60 61 62 63 
MERGED-BODY-1
454
64 65 66 67 68 69 70 71 72 73 74 75 76 77 78 79 80 81 82 83 84 85 86 87 88 89 90 91 92 93 94 95 96 97 98 99 100 101 102 103 104 105 106 107 108 109 110 111 112 113 114 115 116 117 118 119 120 121 122 123 124 125 126 127 128 129 130 131 132 133 134 135 136 137 138 139 140 141 142 143 144 145 146 147 148 149 150 151 152 153 154 155 156 157 158 159 160 161 162 163 164 165 166 167 168 169 170 171 172 173 174 175 176 177 178 179 180 181 182 183 184 185 186 187 188 189 190 191 192 193 194 195 196 197 198 199 200 201 202 203 204 205 206 207 208 209 210 211 212 213 214 215 216 217 218 219 220 221 222 223 224 225 226 227 228 229 230 231 232 233 234 235 236 237 238 239 240 241 242 243 244 245 246 247 248 249 250 251 252 253 254 255 256 257 258 259 260 261 262 263 264 265 266 267 268 269 270 271 272 273 274 275 276 277 278 279 280 281 282 283 284 285 286 287 288 289 290 291 292 293 294 295 296 297 298 299 300 301 302 303 304 305 306 307 308 309 310 311 312 313 314 315 316 317 318 319 320 321 322 323 324 325 326 327 328 329 330 331 332 333 334 335 336 337 338 339 340 341 342 343 344 345 346 347 348 349 350 351 352 353 354 355 356 357 358 359 360 361 362 363 364 365 366 367 368 369 370 371 372 373 374 375 376 377 378 379 380 381 382 383 384 385 386 387 388 389 390 391 392 393 394 395 396 397 398 399 400 401 402 403 404 405 406 407 408 409 410 411 412 413 414 415 416 417 418 419 420 421 422 423 424 425 426 427 428 429 430 431 432 433 434 435 436 437 438 439 440 441 442 443 444 445 446 447 448 449 450 451 452 453 454 455 456 457 458 459 460 461 462 463 464 465 466 467 468 469 470 471 472 473 474 475 476 477 478 479 480 481 482 483 484 485 486 487 488 489 490 491 492 493 494 495 496 497 498 499 500 501 502 503 504 505 506 507 508 509 510 511 512 513 514 515 516 517 
0
CANH_FIX_BASEC
0
1
0
1
BASE-C
3
11 22 61 
0
SET-FIXEDFACE
0
1
0
1
MERGED-BODY-1
9
70 109 189 190 191 457 459 463 470 
0
2
BASE-C
2
 P       1
0
2
63
1 2 3 4 5 6 7 8 9 10 11 12 13 14 15 16 17 18 19 20 21 22 23 24 25 26 27 28 29 30 31 32 33 34 35 36 37 38 39 40 41 42 43 44 45 46 47 48 49 50 51 52 53 54 55 56 57 58 59 60 61 62 63 
0
0
SET-BASE-C
0
1
63
1 2 3 4 5 6 7 8 9 10 11 12 13 14 15 16 17 18 19 20 21 22 23 24 25 26 27 28 29 30 31 32 33 34 35 36 37 38 39 40 41 42 43 44 45 46 47 48 49 50 51 52 53 54 55 56 57 58 59 60 61 62 63 
0
0
0
MERGED-BODY-1
5
 P       2
0
2
454
64 65 66 67 68 69 70 71 72 73 74 75 76 77 78 79 80 81 82 83 84 85 86 87 88 89 90 91 92 93 94 95 96 97 98 99 100 101 102 103 104 105 106 107 108 109 110 111 112 113 114 115 116 117 118 119 120 121 122 123 124 125 126 127 128 129 130 131 132 133 134 135 136 137 138 139 140 141 142 143 144 145 146 147 148 149 150 151 152 153 154 155 156 157 158 159 160 161 162 163 164 165 166 167 168 169 170 171 172 173 174 175 176 177 178 179 180 181 182 183 184 185 186 187 188 189 190 191 192 193 194 195 196 197 198 199 200 201 202 203 204 205 206 207 208 209 210 211 212 213 214 215 216 217 218 219 220 221 222 223 224 225 226 227 228 229 230 231 232 233 234 235 236 237 238 239 240 241 242 243 244 245 246 247 248 249 250 251 252 253 254 255 256 257 258 259 260 261 262 263 264 265 266 267 268 269 270 271 272 273 274 275 276 277 278 279 280 281 282 283 284 285 286 287 288 289 290 291 292 293 294 295 296 297 298 299 300 301 302 303 304 305 306 307 308 309 310 311 312 313 314 315 316 317 318 319 320 321 322 323 324 325 326 327 328 329 330 331 332 333 334 335 336 337 338 339 340 341 342 343 344 345 346 347 348 349 350 351 352 353 354 355 356 357 358 359 360 361 362 363 364 365 366 367 368 369 370 371 372 373 374 375 376 377 378 379 380 381 382 383 384 385 386 387 388 389 390 391 392 393 394 395 396 397 398 399 400 401 402 403 404 405 406 407 408 409 410 411 412 413 414 415 416 417 418 419 420 421 422 423 424 425 426 427 428 429 430 431 432 433 434 435 436 437 438 439 440 441 442 443 444 445 446 447 448 449 450 451 452 453 454 455 456 457 458 459 460 461 462 463 464 465 466 467 468 469 470 471 472 473 474 475 476 477 478 479 480 481 482 483 484 485 486 487 488 489 490 491 492 493 494 495 496 497 498 499 500 501 502 503 504 505 506 507 508 509 510 511 512 513 514 515 516 517 
0
0
SET-BASE-A
0
1
97
66 67 70 71 74 75 78 79 82 83 86 87 90 91 120 121 122 123 124 125 126 127 128 129 140 192 193 194 198 199 200 201 205 210 214 218 222 226 230 234 238 242 246 297 317 334 351 383 429 460 471 472 473 474 475 476 477 478 479 480 481 482 483 484 485 486 487 488 489 490 491 492 493 494 495 496 497 498 499 500 501 502 503 504 505 506 507 508 509 510 511 512 513 514 515 516 517 
0
0
SET-BASE-B
0
1
69
64 65 68 69 110 111 112 113 114 115 116 117 118 119 130 131 132 133 134 135 136 137 138 139 202 207 211 215 219 223 227 231 235 239 243 247 248 249 250 251 252 253 254 255 256 257 258 259 260 261 262 263 264 265 266 267 268 269 270 271 272 273 274 275 276 277 278 279 280 
0
0
SET-MAIN-BODY
0
1
285
70 71 72 73 74 75 76 77 78 79 80 81 82 83 84 85 86 87 88 89 90 91 92 93 94 95 96 97 98 99 100 101 102 103 104 105 106 107 108 109 140 141 142 143 144 145 146 147 148 149 150 151 152 153 154 155 156 157 158 159 160 161 162 163 164 165 166 167 168 169 170 171 172 173 174 175 176 177 178 179 180 181 182 183 184 185 186 187 188 189 190 191 195 196 197 281 282 283 284 285 286 287 288 289 290 291 292 293 294 295 296 297 298 299 300 301 302 303 304 305 306 307 308 309 310 311 312 313 314 315 316 317 318 319 320 321 322 323 324 325 326 327 328 329 330 331 332 333 334 335 336 337 338 339 340 341 342 343 344 345 346 347 348 349 350 351 352 353 354 355 356 357 358 359 360 361 362 363 364 365 366 367 368 369 370 371 372 373 374 375 376 377 378 379 380 381 382 383 384 385 386 387 388 389 390 391 392 393 394 395 396 397 398 399 400 401 402 403 404 405 406 407 408 409 410 411 412 413 414 415 416 417 418 419 420 421 422 423 424 425 426 427 428 429 430 431 432 433 434 435 436 437 438 439 440 441 442 443 444 445 446 447 448 449 450 451 452 453 454 455 456 457 458 459 460 461 462 463 464 465 466 467 468 469 470 
0
0
SET-PAPER
0
1
69
64 65 66 67 110 111 112 113 114 115 116 117 118 119 120 121 122 123 124 125 126 127 128 129 202 203 204 205 206 207 208 209 210 211 212 213 214 215 216 217 218 219 220 221 222 223 224 225 226 227 228 229 230 231 232 233 234 235 236 237 238 239 240 241 242 243 244 245 246 
0
0
0
2
BASE-C
1
TOP-SUF-BASEC
0
0
1
S1
10
2 4 6 8 10 12 14 16 18 20 
MERGED-BODY-1
3
SURF-BOT-MER
0
0
1
S1
11
43 45 47 49 51 53 55 57 59 61 63 
Surf-Inner Cavity
0
0
3
S2
36
67 73 74 75 77 79 80 81 83 85 86 87 89 91 92 93 94 96 98 100 102 103 108 112 116 120 122 123 125 155 158 159 166 168 170 190 
S3
2
69 175 
S1
8
72 107 111 115 119 183 184 185 
TOP-OF-B
0
0
1
S1
11
21 23 25 27 29 31 33 35 37 39 41 
1
SURF-CONTACT
0
0
0
1
MERGED-BODY-1
0
0
2
S3
8
106 109 110 113 114 117 118 121 
S1
16
134 135 136 137 138 139 140 141 142 143 144 145 146 147 148 149 
